e:\programs\unisyscomtraining\sampleatlcomprojects\sampleatlproj\debug\sampleatlproj.pch
e:\programs\unisyscomtraining\sampleatlcomprojects\sampleatlproj\debug\vc140.pdb
e:\programs\unisyscomtraining\sampleatlcomprojects\sampleatlproj\debug\vc140.idb
e:\programs\unisyscomtraining\sampleatlcomprojects\sampleatlproj\debug\stdafx.obj
e:\programs\unisyscomtraining\sampleatlcomprojects\sampleatlproj\debug\dllmain.obj
e:\programs\unisyscomtraining\sampleatlcomprojects\sampleatlproj\debug\eventcomponent.obj
e:\programs\unisyscomtraining\sampleatlcomprojects\sampleatlproj\debug\firstcomponent.obj
e:\programs\unisyscomtraining\sampleatlcomprojects\sampleatlproj\debug\mathcomponent.obj
e:\programs\unisyscomtraining\sampleatlcomprojects\sampleatlproj\debug\sampleatlproj.obj
e:\programs\unisyscomtraining\sampleatlcomprojects\sampleatlproj\debug\sampleatlproj_i.obj
e:\programs\unisyscomtraining\sampleatlcomprojects\sampleatlproj\debug\nativeconsumer.obj
e:\programs\unisyscomtraining\sampleatlcomprojects\debug\sampleatlproj.ilk
e:\programs\unisyscomtraining\sampleatlcomprojects\debug\sampleatlproj.dll
e:\programs\unisyscomtraining\sampleatlcomprojects\debug\sampleatlproj.pdb
e:\programs\unisyscomtraining\sampleatlcomprojects\sampleatlproj\debug\sampleatlproj.tlb
e:\programs\unisyscomtraining\sampleatlcomprojects\sampleatlproj\sampleatlproj_p.c
e:\programs\unisyscomtraining\sampleatlcomprojects\sampleatlproj\sampleatlproj_i.c
e:\programs\unisyscomtraining\sampleatlcomprojects\sampleatlproj\sampleatlproj_i.h
e:\programs\unisyscomtraining\sampleatlcomprojects\sampleatlproj\debug\sampleatlproj.res
e:\programs\unisyscomtraining\sampleatlcomprojects\debug\sampleatlproj.lib
e:\programs\unisyscomtraining\sampleatlcomprojects\debug\sampleatlproj.exp
e:\programs\unisyscomtraining\sampleatlcomprojects\sampleatlproj\debug\sampleatlproj.tlog\cl.command.1.tlog
e:\programs\unisyscomtraining\sampleatlcomprojects\sampleatlproj\debug\sampleatlproj.tlog\cl.read.1.tlog
e:\programs\unisyscomtraining\sampleatlcomprojects\sampleatlproj\debug\sampleatlproj.tlog\cl.write.1.tlog
e:\programs\unisyscomtraining\sampleatlcomprojects\sampleatlproj\debug\sampleatlproj.tlog\link.command.1.tlog
e:\programs\unisyscomtraining\sampleatlcomprojects\sampleatlproj\debug\sampleatlproj.tlog\link.read.1.tlog
e:\programs\unisyscomtraining\sampleatlcomprojects\sampleatlproj\debug\sampleatlproj.tlog\link.write.1.tlog
e:\programs\unisyscomtraining\sampleatlcomprojects\sampleatlproj\debug\sampleatlproj.tlog\midl.command.1.tlog
e:\programs\unisyscomtraining\sampleatlcomprojects\sampleatlproj\debug\sampleatlproj.tlog\midl.read.1.tlog
e:\programs\unisyscomtraining\sampleatlcomprojects\sampleatlproj\debug\sampleatlproj.tlog\midl.write.1.tlog
e:\programs\unisyscomtraining\sampleatlcomprojects\sampleatlproj\debug\sampleatlproj.tlog\rc.command.1.tlog
e:\programs\unisyscomtraining\sampleatlcomprojects\sampleatlproj\debug\sampleatlproj.tlog\rc.read.1.tlog
e:\programs\unisyscomtraining\sampleatlcomprojects\sampleatlproj\debug\sampleatlproj.tlog\rc.write.1.tlog
e:\programs\unisyscomtraining\sampleatlcomprojects\sampleatlproj\debug\sampleatlproj.tlog\sampleatlproj.write.1u.tlog
